2026-03-19 16:38:16,464 - INFO - Clearing download directory for prefix OUTBOUND-...
2026-03-19 16:38:16,469 - INFO - Navigating to Login Page...
2026-03-19 16:38:18,796 - INFO - Login Successful.
2026-03-19 16:38:18,798 - INFO - Opening 'Surtido' screen (e352a00c-66df-438e-b1bc-55ff8610918d)...
2026-03-19 16:38:18,801 - INFO - Attempting to switch to 'Embarcados' view...
2026-03-19 16:38:22,109 - INFO - Navigation attempt 1...
2026-03-19 16:38:23,427 - INFO - Clicked Embarcados link in dropdown.
2026-03-19 16:38:31,216 - WARNING - Manual click didn't confirm navigation, trying JS...
2026-03-19 16:38:37,024 - INFO - Navigation attempt 2...
2026-03-19 16:38:38,344 - INFO - Clicked Embarcados link in dropdown.
2026-03-19 16:38:43,529 - WARNING - Manual click didn't confirm navigation, trying JS...
2026-03-19 16:38:50,201 - INFO - Navigation attempt 3...
2026-03-19 16:38:51,780 - INFO - Clicked Embarcados link in dropdown.
2026-03-19 16:38:59,531 - WARNING - Manual click didn't confirm navigation, trying JS...
2026-03-19 16:39:35,289 - WARNING - Table rows not detected, but will try download anyway.
2026-03-19 16:39:35,295 - INFO - Downloading CSV...
2026-03-19 16:39:35,295 - INFO - Download attempt 1...
2026-03-19 16:39:36,326 - INFO - CSV saved: C:\Users\Usuario1\Desktop\Antigravity SGC\projects\Reebok\downloads\OUTBOUND-embarcados-1773959975.csv
2026-03-19 16:39:36,327 - INFO - Intelligently processing Outbound (Surtido) files...
2026-03-19 16:39:39,804 - ERROR - Database error: name 'text' is not defined
2026-03-19 16:39:41,094 - INFO - Phase 2 finished.
