2026-02-18 08:11:45,976 - INFO - User-Agent: Mozilla/5.0 (iPhone; CPU iPhone OS 18_1_1 like Mac OS X) AppleWebKit/605.1.15 (KHTML, like Gecko) Version/18.1.1 Mobile/15E148 Safari/604.1
2026-02-18 08:11:45,976 - INFO - ====== WebDriver manager ======
2026-02-18 08:11:47,134 - INFO - Get LATEST chromedriver version for google-chrome
2026-02-18 08:11:48,714 - INFO - Get LATEST chromedriver version for google-chrome
2026-02-18 08:11:49,372 - INFO - Get LATEST chromedriver version for google-chrome
2026-02-18 08:11:50,730 - INFO - WebDriver version 144.0.7559.133 selected
2026-02-18 08:11:50,736 - INFO - Modern chrome version https://storage.googleapis.com/chrome-for-testing-public/144.0.7559.133/win32/chromedriver-win32.zip
2026-02-18 08:11:50,738 - INFO - About to download new driver from https://storage.googleapis.com/chrome-for-testing-public/144.0.7559.133/win32/chromedriver-win32.zip
2026-02-18 08:11:51,177 - INFO - Driver downloading response is 200
2026-02-18 08:11:55,866 - INFO - Get LATEST chromedriver version for google-chrome
2026-02-18 08:11:56,689 - INFO - Driver has been saved in cache [C:\Users\Usuario1\.wdm\drivers\chromedriver\win64\144.0.7559.133]
2026-02-18 08:11:59,049 - INFO - Clearing download directory...
2026-02-18 08:11:59,058 - INFO - Navigating to Login Page...
2026-02-18 08:12:00,183 - INFO - Entering credentials...
2026-02-18 08:12:00,384 - INFO - Clicking Login Button...
2026-02-18 08:12:00,453 - INFO - Waiting for Client Selection...
2026-02-18 08:12:01,228 - INFO - Selected 'Reebok / Reebok'
2026-02-18 08:12:04,532 - INFO - Login & Selection Successful.
2026-02-18 08:12:04,534 - INFO - Navigating to Entradas...
2026-02-18 08:12:04,548 - INFO - Opening sidebar menu...
2026-02-18 08:12:14,369 - INFO - Clicking Submenu '2. Entradas'...
2026-02-18 08:12:18,308 - INFO - Clicking Search Button (Lupa)...
2026-02-18 08:12:18,442 - INFO - Waiting for Data Rows...
2026-02-18 08:12:27,507 - INFO - Data Loaded: 30 rows found.
2026-02-18 08:12:31,302 - INFO - Processing Entradas...
2026-02-18 08:12:31,330 - INFO - Found Pool ID: 313a2fb4-bf57-41a8-adf7-01077086b6e8
2026-02-18 08:12:31,330 - INFO - Executing Download Script...
2026-02-18 08:12:31,339 - INFO - Waiting for download to complete...
2026-02-18 08:13:23,373 - INFO - Downloading in progress... (6 files)
2026-02-18 08:13:25,374 - INFO - Download detected! Total CSVs: 9
2026-02-18 08:13:38,551 - INFO - Waiting for download to complete...
2026-02-18 08:13:38,552 - INFO - Download detected! Total CSVs: 9
2026-02-18 08:13:40,553 - INFO - Closing all floating windows...
2026-02-18 08:13:40,568 - INFO - Found 5 close buttons.
2026-02-18 08:13:47,160 - INFO - Surtido section removed from Phase 1 (Moved to Phase 2).
2026-02-18 08:13:47,163 - INFO - All downloads completed. Waiting 5s before closing...
2026-02-18 08:13:51,576 - INFO - Skipping Unification (Handled by Phase 3)...
2026-02-18 08:13:53,873 - INFO - Exiting script with code 0
